<?xml version="1.0" encoding="UTF-8"?>
<testsuite xmlns:xsi="http://www.w3.org/2001/XMLSchema-instance" xsi:noNamespaceSchemaLocation="https://maven.apache.org/surefire/maven-surefire-plugin/xsd/surefire-test-report-3.0.xsd" version="3.0" name="TestSuite" time="24.403" tests="5" errors="0" skipped="0" failures="0">
  <properties>
[...]
</properties>
  <testcase name="runScenario[&quot;Login with valid user and empty password&quot;, &quot;Login into SalesForce application&quot;](1)" classname="com.automation.runners.SalesforceLoginRunner" time="2.709">
    <system-out><![CDATA[
Scenario: Login with valid user and empty password    # src/test/resources/features/Login.feature:4
chrome browser opened
STEP app
  Given Launch SalesForce App                         # com.automation.steps.LoginToSalesForceDef1.launch_sales_force_app()
STEP 2
driver in basePage=ChromeDriver: chrome on windows (da0ca74268e6aee290eb9a2d53238cb1)
user on page {string}******com.automation.pages.login.LoginPage@2f74900b
  When User on page "LoginPage"                       # com.automation.steps.LoginToSalesForceDef1.user_on_page(java.lang.String)
STEP 3
  When Enter Username As "Lakshmih78@gmail.com"       # com.automation.steps.LoginToSalesForceDef1.enter_username_as(java.lang.String)
STEP 4
  When Enter Password As  ""                          # com.automation.steps.LoginToSalesForceDef1.enter_password_as(java.lang.String)
STEP 5
  When Click on Login button                          # com.automation.steps.LoginToSalesForceDef1.click_on_login_button()
STEP 6
get error message expected -------->Please enter your password
waiting for an web element errorElement for its visibility
get error message actual -------->Please enter your password.
  Then Get error message "Please enter your password" # com.automation.steps.LoginToSalesForceDef1.get_error_message(java.lang.String)
]]></system-out>
    <system-err><![CDATA[SLF4J: Failed to load class "org.slf4j.impl.StaticLoggerBinder".
SLF4J: Defaulting to no-operation (NOP) logger implementation
SLF4J: See http://www.slf4j.org/codes.html#StaticLoggerBinder for further details.
Nov 10, 2023 8:53:14 PM org.openqa.selenium.devtools.CdpVersionFinder findNearestMatch
WARNING: Unable to find an exact match for CDP version 119, returning the closest version; found: 118; Please update to a Selenium version that supports CDP version 119
]]></system-err>
  </testcase>
  <testcase name="runScenario[&quot;Login with valid user and valid password&quot;, &quot;Login into SalesForce application&quot;](2)" classname="com.automation.runners.SalesforceLoginRunner" time="4.877">
    <system-out><![CDATA[
Scenario: Login with valid user and valid password                                  # src/test/resources/features/Login.feature:14
chrome browser opened
STEP app
  Given Launch SalesForce App                                                       # com.automation.steps.LoginToSalesForceDef1.launch_sales_force_app()
STEP 2
driver in basePage=ChromeDriver: chrome on windows (1413670cbc70230dbd53a91d98d0772e)
user on page {string}******com.automation.pages.login.LoginPage@318c68d5
  When User on page "LoginPage"                                                     # com.automation.steps.LoginToSalesForceDef1.user_on_page(java.lang.String)
STEP 3
  When Enter Username As "Lakshmih78@gmail.com"                                     # com.automation.steps.LoginToSalesForceDef1.enter_username_as(java.lang.String)
STEP 4
  When Enter Password As  "TekArk1234"                                              # com.automation.steps.LoginToSalesForceDef1.enter_password_as(java.lang.String)
STEP 5
  When Click on Login button                                                        # com.automation.steps.LoginToSalesForceDef1.click_on_login_button()
STEP 2
driver in basePage=ChromeDriver: chrome on windows (1413670cbc70230dbd53a91d98d0772e)
user on page {string}******com.automation.pages.login.LoginPage@318c68d5
  When User on page "HomePage"                                                      # com.automation.steps.LoginToSalesForceDef1.user_on_page(java.lang.String)
get Home Page Title message expected -------->Home Page ~ Salesforce - Developer Edition
get Home Page Title message actual -------->Home Page ~ Salesforce - Developer Edition
Title is same
  Then Get Page Title message "Home Page ~ Salesforce - Developer Edition" , "home" # com.automation.steps.LoginToSalesForceDef1.get_page_title_message(java.lang.String,java.lang.String)
]]></system-out>
    <system-err><![CDATA[Nov 10, 2023 8:53:16 PM org.openqa.selenium.devtools.CdpVersionFinder findNearestMatch
WARNING: Unable to find an exact match for CDP version 119, returning the closest version; found: 118; Please update to a Selenium version that supports CDP version 119
]]></system-err>
  </testcase>
  <testcase name="runScenario[&quot;Test the remember username check&quot;, &quot;Login into SalesForce application&quot;](3)" classname="com.automation.runners.SalesforceLoginRunner" time="11.444">
    <system-out><![CDATA[
Scenario: Test the remember username check      # src/test/resources/features/Login.feature:24
chrome browser opened
STEP app
  Given Launch SalesForce App                   # com.automation.steps.LoginToSalesForceDef1.launch_sales_force_app()
STEP 2
driver in basePage=ChromeDriver: chrome on windows (c137f15d5c29f9d2d5697ab80810cfa8)
user on page {string}******com.automation.pages.login.LoginPage@12f279b5
  When User on page "LoginPage"                 # com.automation.steps.LoginToSalesForceDef1.user_on_page(java.lang.String)
STEP 3
  When Enter Username As "Lakshmih78@gmail.com" # com.automation.steps.LoginToSalesForceDef1.enter_username_as(java.lang.String)
STEP 4
  When Enter Password As  "TekArk1234"          # com.automation.steps.LoginToSalesForceDef1.enter_password_as(java.lang.String)
STEP 5
  When Click on Login button                    # com.automation.steps.LoginToSalesForceDef1.click_on_login_button()
STEP 2
driver in basePage=ChromeDriver: chrome on windows (c137f15d5c29f9d2d5697ab80810cfa8)
user on page {string}******com.automation.pages.login.LoginPage@12f279b5
  When User on page "UpperMenuPage"             # com.automation.steps.LoginToSalesForceDef1.user_on_page(java.lang.String)
  When LogOut of Salesforce                     # com.automation.steps.LoginToSalesForceDef1.log_out_of_salesforce()
STEP 2
driver in basePage=ChromeDriver: chrome on windows (c137f15d5c29f9d2d5697ab80810cfa8)
user on page {string}******com.automation.pages.login.LoginPage@4ea56bdb
  When User on page "LoginPage"                 # com.automation.steps.LoginToSalesForceDef1.user_on_page(java.lang.String)
  Then Check if remember me check  is "true"    # com.automation.steps.LoginToSalesForceDef1.check_if_remember_me_check_is(java.lang.String)
  And UserName is not ""                        # com.automation.steps.LoginToSalesForceDef1.user_name_is_not(java.lang.String)
]]></system-out>
    <system-err><![CDATA[Nov 10, 2023 8:53:21 PM org.openqa.selenium.devtools.CdpVersionFinder findNearestMatch
WARNING: Unable to find an exact match for CDP version 119, returning the closest version; found: 118; Please update to a Selenium version that supports CDP version 119
]]></system-err>
  </testcase>
  <testcase name="runScenario[&quot;Forgot password feature&quot;, &quot;Login into SalesForce application&quot;](4)" classname="com.automation.runners.SalesforceLoginRunner" time="2.257">
    <system-out><![CDATA[
Scenario: Forgot password feature                                            # src/test/resources/features/Login.feature:36
chrome browser opened
STEP app
  Given Launch SalesForce App                                                # com.automation.steps.LoginToSalesForceDef1.launch_sales_force_app()
STEP 2
driver in basePage=ChromeDriver: chrome on windows (be3a527746e0aa703a6de7ae0b5b7ecb)
user on page {string}******com.automation.pages.login.LoginPage@644a3add
  When User on page "LoginPage"                                              # com.automation.steps.LoginToSalesForceDef1.user_on_page(java.lang.String)
  When Click on ForgotPassword Link                                          # com.automation.steps.LoginToSalesForceDef1.click_on_forgot_password_link()
STEP 2
driver in basePage=ChromeDriver: chrome on windows (be3a527746e0aa703a6de7ae0b5b7ecb)
user on page {string}******com.automation.pages.login.LoginPage@644a3add
  When User on page "ForgotPasswordPage"                                     # com.automation.steps.LoginToSalesForceDef1.user_on_page(java.lang.String)
verify Password
TextBox  not Empty
  When VerifyPassword Feature with username as "Lakshmih78@gmail.com"        # com.automation.steps.LoginToSalesForceDef1.verify_password_feature_with_username_As(java.lang.String)
get Home Page Title message expected -------->Check Your Email | Salesforce
get Home Page Title message actual -------->Check Your Email | Salesforce
Title is same
  Then Get Page Title message "Check Your Email | Salesforce" , "forgotpass" # com.automation.steps.LoginToSalesForceDef1.get_page_title_message(java.lang.String,java.lang.String)
]]></system-out>
    <system-err><![CDATA[Nov 10, 2023 8:53:32 PM org.openqa.selenium.devtools.CdpVersionFinder findNearestMatch
WARNING: Unable to find an exact match for CDP version 119, returning the closest version; found: 118; Please update to a Selenium version that supports CDP version 119
]]></system-err>
  </testcase>
  <testcase name="runScenario[&quot;Login with invalid user and invalid password&quot;, &quot;Login into SalesForce application&quot;](5)" classname="com.automation.runners.SalesforceLoginRunner" time="2.126">
    <system-out><![CDATA[
Scenario: Login with invalid user and invalid password                                                                               # src/test/resources/features/Login.feature:45
chrome browser opened
STEP app
  Given Launch SalesForce App                                                                                                        # com.automation.steps.LoginToSalesForceDef1.launch_sales_force_app()
STEP 2
driver in basePage=ChromeDriver: chrome on windows (f2a85c544d8608fff9cd5c2aad4f6813)
user on page {string}******com.automation.pages.login.LoginPage@706f6d26
  When User on page "LoginPage"                                                                                                      # com.automation.steps.LoginToSalesForceDef1.user_on_page(java.lang.String)
STEP 3
  When Enter Username As "Lakshmih78@gmail"                                                                                          # com.automation.steps.LoginToSalesForceDef1.enter_username_as(java.lang.String)
STEP 4
  When Enter Password As  "352fga"                                                                                                   # com.automation.steps.LoginToSalesForceDef1.enter_password_as(java.lang.String)
STEP 5
  When Click on Login button                                                                                                         # com.automation.steps.LoginToSalesForceDef1.click_on_login_button()
STEP 6
get error message expected -------->Please check your username and password. If you still can't log in, contact your Salesforce administrator
waiting for an web element errorElement for its visibility
get error message actual -------->Please check your username and password. If you still can't log in, contact your Salesforce administrator.
  Then Get error message "Please check your username and password. If you still can't log in, contact your Salesforce administrator" # com.automation.steps.LoginToSalesForceDef1.get_error_message(java.lang.String)
]]></system-out>
    <system-err><![CDATA[Nov 10, 2023 8:53:35 PM org.openqa.selenium.devtools.CdpVersionFinder findNearestMatch
WARNING: Unable to find an exact match for CDP version 119, returning the closest version; found: 118; Please update to a Selenium version that supports CDP version 119
Nov 10, 2023 8:53:36 PM org.openqa.selenium.remote.http.WebSocket$Listener onError
WARNING: Connection reset
java.net.SocketException: Connection reset
	at java.base/sun.nio.ch.SocketChannelImpl.throwConnectionReset(SocketChannelImpl.java:394)
	at java.base/sun.nio.ch.SocketChannelImpl.read(SocketChannelImpl.java:426)
	at java.net.http/jdk.internal.net.http.SocketTube.readAvailable(SocketTube.java:1170)
	at java.net.http/jdk.internal.net.http.SocketTube$InternalReadPublisher$InternalReadSubscription.read(SocketTube.java:833)
	at java.net.http/jdk.internal.net.http.SocketTube$SocketFlowTask.run(SocketTube.java:181)
	at java.net.http/jdk.internal.net.http.common.SequentialScheduler$SchedulableTask.run(SequentialScheduler.java:230)
	at java.net.http/jdk.internal.net.http.common.SequentialScheduler.runOrSchedule(SequentialScheduler.java:303)
	at java.net.http/jdk.internal.net.http.common.SequentialScheduler.runOrSchedule(SequentialScheduler.java:256)
	at java.net.http/jdk.internal.net.http.SocketTube$InternalReadPublisher$InternalReadSubscription.signalReadable(SocketTube.java:774)
	at java.net.http/jdk.internal.net.http.SocketTube$InternalReadPublisher$ReadEvent.signalEvent(SocketTube.java:957)
	at java.net.http/jdk.internal.net.http.SocketTube$SocketFlowEvent.handle(SocketTube.java:253)
	at java.net.http/jdk.internal.net.http.HttpClientImpl$SelectorManager.handleEvent(HttpClientImpl.java:979)
	at java.net.http/jdk.internal.net.http.HttpClientImpl$SelectorManager.lambda$run$3(HttpClientImpl.java:934)
	at java.base/java.util.ArrayList.forEach(ArrayList.java:1511)
	at java.net.http/jdk.internal.net.http.HttpClientImpl$SelectorManager.run(HttpClientImpl.java:934)

]]></system-err>
  </testcase>
</testsuite>